C51 COMPILER V9.60.7.0   DELAY                                                             02/09/2023 18:02:21 PAGE 1   


C51 COMPILER V9.60.7.0, COMPILATION OF MODULE DELAY
OBJECT MODULE PLACED IN .\Objects\delay.obj
COMPILER INVOKED BY: C:\Keil_v5\C51\BIN\C51.EXE ..\Library\StdDriver\src\delay.c LARGE OMF2 OPTIMIZE(8,SPEED) BROWSE INC
                    -DIR(..\Library\Device\Include;..\Library\StdDriver\inc) DEBUG PRINT(.\Listings\delay.lst) TABS(2) OBJECT(.\Objects\delay
                    -.obj)

line level    source

   1          /*--------------------------------------------------------------------------------------------------------
             --*/
   2          /*                                                                                                        
             - */
   3          /* SPDX-License-Identifier: Apache-2.0                                                                    
             - */
   4          /* Copyright(c) 2020 Nuvoton Technology Corp. All rights reserved.                                        
             - */
   5          /*                                                                                                        
             - */
   6          /*--------------------------------------------------------------------------------------------------------
             --*/
   7          
   8          //********************************************************************************************************
             -***
   9          //  Website: http://www.nuvoton.com
  10          //  E-Mail : MicroC-8bit@nuvoton.com
  11          //********************************************************************************************************
             -***
  12          
  13          #include "MS51_16K.H"
  14          
  15           
  16          /**
  17            * @brief Timer0 delay setting 
  18            * @param[in] u32SYSCLK define Fsys clock value. for example 24000000, use the real Fsys value.
  19            *                       - \ref 24000000 (use HIRC 24MHz)
  20            *                       - \ref 16000000 (use HIRC 16MHz)
  21            * @param[in] u8CNT define count time.
  22            * @param[in] u6DLYUnit define delay time base is us. From 1~10000, the maxima value please not over 1000
             -0.
  23            *                       - \ref 1000 (1ms)
  24            *                       - \ref 100 (100us)
  25            * @return  None
  26            * @note    If use LIRC or LXT as Fsys need adjust this marco.
  27            * @exmaple :  Timer0_Delay(16000000,200,1000);
  28          */
  29          void Timer0_Delay(unsigned long u32SYSCLK, unsigned int u16CNT, unsigned int u16DLYUnit)
  30          {
  31   1            unsigned char TL0TMP, TH0TMP;
  32   1        
  33   1            TIMER0_FSYS_DIV12;                                  //T0M=0, Timer0 Clock = Fsys/12
  34   1            ENABLE_TIMER0_MODE1;                                   //Timer0 is 16-bit mode
  35   1            TL0TMP = LOBYTE(65535-((u32SYSCLK/1000000)*u16DLYUnit/12));
  36   1            TH0TMP = HIBYTE(65535-((u32SYSCLK/1000000)*u16DLYUnit/12));
  37   1        
  38   1          while (u16CNT != 0)
  39   1          {
  40   2            TL0=TL0TMP;
  41   2            TH0=TH0TMP;
  42   2            set_TCON_TR0;                                    //Start Timer0
  43   2            while (!TF0);                       //Check Timer0 Time-Out Flag
  44   2            clr_TCON_TF0;
C51 COMPILER V9.60.7.0   DELAY                                                             02/09/2023 18:02:21 PAGE 2   

  45   2            clr_TCON_TR0;                       //Stop Timer0
  46   2            u16CNT --;
  47   2          }
  48   1      //    clr_TCON_TR0;                                     //Stop Timer0
  49   1      }
  50          
  51          /**
  52            * @brief Timer1 delay setting 
  53            * @param[in] u32SYSCLK define Fsys clock value. for example 24000000, use the real Fsys value.
  54            *                       - \ref 24000000 (use HIRC)
  55            *                       - \ref 22118400 (use HXT)
  56            * @param[in] u8CNT define count time.
  57            * @param[in] u16DLYUnit define delay time base is us. From 1~10000, the maxima value please not over 100
             -00.
  58            *                       - \ref 1000 (1ms)
  59            *                       - \ref 100 (100us)
  60            * @return  None
  61            * @note    If use LIRC or LXT as Fsys need adjust this marco.
  62            * @exmaple :  Timer1_Delay(24000000,5,1000);
  63          */
  64          void Timer1_Delay(unsigned long u32SYSCLK, unsigned int u16CNT, unsigned int u16DLYUnit)
  65          {
  66   1          unsigned char TL1TMP,TH1TMP;
  67   1      
  68   1          TIMER1_FSYS_DIV12;                                 //T1M=0, Timer1 Clock = Fsys/12
  69   1          ENABLE_TIMER1_MODE1;                                //Timer1 is 16-bit mode
  70   1          TL1TMP = LOBYTE(65535-((u32SYSCLK/1000000)*u16DLYUnit)/12);
  71   1          TH1TMP = HIBYTE(65535-((u32SYSCLK/1000000)*u16DLYUnit)/12);
  72   1        
  73   1          while (u16CNT != 0)
  74   1          {
  75   2            TL1 = TL1TMP;
  76   2            TH1 = TH1TMP;
  77   2            set_TCON_TR1;                                //Start Timer1
  78   2            while (!TF1);                                //Check Timer1 Time-Out Flag
  79   2            clr_TCON_TF1;
  80   2            clr_TCON_TR1;
  81   2            u16CNT --;
  82   2          }
  83   1      }
  84          
  85          /**
  86            * @brief Timer2 delay setting 
  87            * @param[in] u32SYSCLK define Fsys clock value. for example 24000000, use the real Fsys value.
  88            *                       - \ref 24000000 (use HIRC)
  89            *                       - \ref 22118400 (use HXT for example)
  90            * @param[in] u16TMDIV define timer2 clock devider value from 1\4\16\32\64\128\256\512 detail check datas
             -heet T2MOD.
  91            *                       - \ref 512
  92            * @param[in] u16CNT define total count times.
  93            * @param[in] u6DLYUnit define delay time base is us. From 1~1000000, please consider the value with devi
             -der.
  94            *                       - \ref 1000 (1ms)
  95            *                       - \ref 100 (100us)
  96            * @return  None
  97            * @note    If use LIRC or LXT as Fsys need adjust this marco.
  98            * @exmaple :  Timer2_Delay(24000000,128,5,1000);
  99          */
 100          void Timer2_Delay(unsigned long u32SYSCLK,unsigned int u16TMDIV, unsigned int u16CNT, unsigned long u32DLY
             -Unit)
 101          {
 102   1          unsigned char TL2TMP,TH2TMP;
C51 COMPILER V9.60.7.0   DELAY                                                             02/09/2023 18:02:21 PAGE 3   

 103   1        
 104   1          SFRS = 0x00;
 105   1          switch (u16TMDIV)
 106   1          {
 107   2            case 1:T2MOD&=0x8F; break;
 108   2            case 4:T2MOD&=0x8F;T2MOD|=0x10; break;
 109   2            case 16:T2MOD&=0x8F;T2MOD|=0x20; break;
 110   2            case 32:T2MOD&=0x8F;T2MOD|=0x30; break;
 111   2            case 64:T2MOD&=0x8F;T2MOD|=0x40; break;
 112   2            case 128:T2MOD&=0x8F;T2MOD|=0x50; break;
 113   2            case 256:T2MOD&=0x8F;T2MOD|=0x60; break;
 114   2            case 512:T2MOD&=0x8F;T2MOD|=0x70; break;
 115   2          }
 116   1          clr_T2CON_CMRL2;                                  //Timer 2 as auto-reload mode
 117   1          set_T2MOD_LDEN;
 118   1          set_T2MOD_CMPCR;                                  //Timer 2 value is auto-cleared as 0000H when a comp
             -are match occurs.
 119   1          TL2TMP = LOBYTE(65536-((u32SYSCLK/1000000)*u32DLYUnit/u16TMDIV));
 120   1          TH2TMP = HIBYTE(65536-((u32SYSCLK/1000000)*u32DLYUnit/u16TMDIV));
 121   1          while (u16CNT != 0)
 122   1          {
 123   2            TL2 = TL2TMP;
 124   2            TH2 = TH2TMP;
 125   2            set_T2CON_TR2;                                    //Start Timer2
 126   2            while (TF2!=1);            //Check Timer2 Time-Out Flag
 127   2            clr_T2CON_TF2;
 128   2            clr_T2CON_TR2;                                    //Stop Timer2
 129   2            u16CNT --;
 130   2          }
 131   1      }
 132          /**
 133            * @brief Timer3 delay setting 
 134            * @param[in] u32SYSCLK define Fsys clock value. for example 24000000, use the real Fsys value.
 135            *                       - \ref 24000000 (use HIRC)
 136            *                       - \ref 22118400 (use HXT for example)
 137            * @param[in] u8TMDIV define timer2 clock devider value from 1\2\4\8\16\32\64\128 detail check datasheet 
             -T3MOD.
 138            *                       - \ref 512
 139            * @param[in] u16CNT define total count times.
 140            * @param[in] u32DLYUnit define delay time base is us. From 1~1000000, please consider the value with dev
             -ider.
 141            *                       - \ref 1000 (1ms)
 142            *                       - \ref 100 (100us)
 143            * @return  None
 144            * @note    If use LIRC or LXT as Fsys need adjust this marco.
 145            * @exmaple :  Timer3_Delay(24000000,16,5,1000);
 146          */
 147          void Timer3_Delay(unsigned long u32SYSCLK,unsigned char u8TMDIV, unsigned int u16CNT, unsigned long u32DLY
             -Unit)
 148          {
 149   1          unsigned char TL3TMP,TH3TMP;  
 150   1        
 151   1          SFRS = 0x00;
 152   1          switch (u8TMDIV)
 153   1          {
 154   2            case 1:T3CON&=0xF8; break;
 155   2            case 2:T3CON&=0xF8;T3CON|=0x01; break;
 156   2            case 4:T3CON&=0xF8;T3CON|=0x02; break;
 157   2            case 8:T3CON&=0xF8;T3CON|=0x03; break;
 158   2            case 16:T3CON&=0xF8;T3CON|=0x04; break;
 159   2            case 32:T3CON&=0xF8;T3CON|=0x05; break;
 160   2            case 64:T3CON&=0xF8;T3CON|=0x06; break;
C51 COMPILER V9.60.7.0   DELAY                                                             02/09/2023 18:02:21 PAGE 4   

 161   2            case 128:T3CON&=0xF8;T3CON|=0x07; break;
 162   2          }
 163   1          TL3TMP = LOBYTE(65536-((u32SYSCLK/1000000)*u32DLYUnit/u8TMDIV));
 164   1          TH3TMP = HIBYTE(65536-((u32SYSCLK/1000000)*u32DLYUnit/u8TMDIV));
 165   1          while (u16CNT != 0)
 166   1          {
 167   2            clr_T3CON_TF3;
 168   2            RL3 = TL3TMP;
 169   2            RH3 = TH3TMP;
 170   2            set_T3CON_TR3;                                    //Trigger Timer3
 171   2            while (!(T3CON&SET_BIT4));                        //Check Timer3 Time-Out Flag
 172   2            clr_T3CON_TF3;
 173   2            clr_T3CON_TR3;                                    //Stop Timer3
 174   2            u16CNT --;
 175   2          }
 176   1      }
 177          
 178          
 179          //********************************************************************************************************
             -********  
 180          //**** Timer Interrupt enable setting  
 181          //**** 1. Delay value
 182          //**** 2. Define unit
 183          //**** For example: Timer3_Delay(5,UNIT_100US) = Delay 100us
 184          void Timer_Interrupt_Enable(unsigned char u8TM)
 185          {
 186   1          switch(u8TM)
 187   1          {
 188   2            case TIMER0: set_IE_ET0;break;
 189   2            case TIMER1: set_IE_ET1;break;
 190   2            case TIMER2: set_EIE_ET2;break;
 191   2            case TIMER3: set_EIE1_ET3;break;
 192   2          }
 193   1      }
 194          
 195          


MODULE INFORMATION:   STATIC OVERLAYABLE
   CODE SIZE        =   1161    ----
   CONSTANT SIZE    =   ----    ----
   XDATA SIZE       =   ----      43
   PDATA SIZE       =   ----    ----
   DATA SIZE        =   ----    ----
   IDATA SIZE       =   ----    ----
   BIT SIZE         =   ----    ----
   EDATA SIZE       =   ----    ----
   HDATA SIZE       =   ----    ----
   XDATA CONST SIZE =   ----    ----
   FAR CONST SIZE   =   ----    ----
END OF MODULE INFORMATION.


C51 COMPILATION COMPLETE.  0 WARNING(S),  0 ERROR(S)
